sql [2021-06-15 11:55:51] [DEBUG]: Executing (default): SELECT 1+1 AS result

sql [2021-06-15 11:55:51] [DEBUG]: Executing (default): CREATE TABLE IF NOT EXISTS `Tests` (`id` INTEGER NOT NULL , `testName` VARCHAR(100) NOT NULL COMMENT '测试name', `testCode` VARCHAR(100) COMMENT '测试code', `createdAt` DATETIME NOT NULL, `updatedAt` DATETIME NOT NULL, PRIMARY KEY (`id`)) ENGINE=InnoDB;

sql [2021-06-15 11:55:51] [DEBUG]: Executing (default): SHOW INDEX FROM `Tests`

sql [2021-06-15 11:56:55] [DEBUG]: Executing (default): SELECT 1+1 AS result

sql [2021-06-15 11:56:55] [DEBUG]: Executing (default): CREATE TABLE IF NOT EXISTS `Tests` (`id` INTEGER NOT NULL , `testName` VARCHAR(100) NOT NULL COMMENT '测试name', `testCode` VARCHAR(100) COMMENT '测试code', `createdAt` DATETIME NOT NULL, `updatedAt` DATETIME NOT NULL, PRIMARY KEY (`id`)) ENGINE=InnoDB;

sql [2021-06-15 11:56:55] [DEBUG]: Executing (default): SHOW INDEX FROM `Tests`

sql [2021-06-15 12:30:16] [DEBUG]: Executing (default): SELECT 1+1 AS result

sql [2021-06-15 12:30:16] [DEBUG]: Executing (default): CREATE TABLE IF NOT EXISTS `Tests` (`id` INTEGER NOT NULL , `testName` VARCHAR(100) NOT NULL COMMENT '测试name', `testCode` VARCHAR(100) COMMENT '测试code', `createdAt` DATETIME NOT NULL, `updatedAt` DATETIME NOT NULL, PRIMARY KEY (`id`)) ENGINE=InnoDB;

sql [2021-06-15 12:30:16] [DEBUG]: Executing (default): SHOW INDEX FROM `Tests`

sql [2021-06-15 12:31:59] [DEBUG]: Executing (default): SELECT 1+1 AS result

sql [2021-06-15 12:31:59] [DEBUG]: Executing (default): CREATE TABLE IF NOT EXISTS `Tests` (`id` INTEGER NOT NULL , `testName` VARCHAR(100) NOT NULL COMMENT '测试name', `testCode` VARCHAR(100) COMMENT '测试code', `createdAt` DATETIME NOT NULL, `updatedAt` DATETIME NOT NULL, PRIMARY KEY (`id`)) ENGINE=InnoDB;

sql [2021-06-15 12:31:59] [DEBUG]: Executing (default): SHOW INDEX FROM `Tests`

sql [2021-06-15 12:33:06] [DEBUG]: Executing (default): SELECT 1+1 AS result

sql [2021-06-15 12:33:06] [DEBUG]: Executing (default): CREATE TABLE IF NOT EXISTS `Tests` (`id` INTEGER NOT NULL , `testName` VARCHAR(100) NOT NULL COMMENT '测试name', `testCode` VARCHAR(100) COMMENT '测试code', `createdAt` DATETIME NOT NULL, `updatedAt` DATETIME NOT NULL, PRIMARY KEY (`id`)) ENGINE=InnoDB;

sql [2021-06-15 12:33:06] [DEBUG]: Executing (default): SHOW INDEX FROM `Tests`

sql [2021-06-15 12:33:32] [DEBUG]: Executing (default): SELECT 1+1 AS result

sql [2021-06-15 12:33:32] [DEBUG]: Executing (default): CREATE TABLE IF NOT EXISTS `Tests` (`id` INTEGER NOT NULL , `testName` VARCHAR(100) NOT NULL COMMENT '测试name', `testCode` VARCHAR(100) COMMENT '测试code', `createdAt` DATETIME NOT NULL, `updatedAt` DATETIME NOT NULL, PRIMARY KEY (`id`)) ENGINE=InnoDB;

sql [2021-06-15 12:33:32] [DEBUG]: Executing (default): SHOW INDEX FROM `Tests`

sql [2021-06-15 12:34:30] [DEBUG]: Executing (default): SELECT 1+1 AS result

sql [2021-06-15 12:34:30] [DEBUG]: Executing (default): CREATE TABLE IF NOT EXISTS `Tests` (`id` INTEGER NOT NULL , `testName` VARCHAR(100) NOT NULL COMMENT '测试name', `testCode` VARCHAR(100) COMMENT '测试code', `createdAt` DATETIME NOT NULL, `updatedAt` DATETIME NOT NULL, PRIMARY KEY (`id`)) ENGINE=InnoDB;

sql [2021-06-15 12:34:30] [DEBUG]: Executing (default): SHOW INDEX FROM `Tests`

sql [2021-06-15 12:36:25] [DEBUG]: Executing (default): SELECT 1+1 AS result

sql [2021-06-15 12:36:25] [DEBUG]: Executing (default): CREATE TABLE IF NOT EXISTS `Tests` (`id` INTEGER NOT NULL , `testName` VARCHAR(100) NOT NULL COMMENT '测试name', `testCode` VARCHAR(100) COMMENT '测试code', `createdAt` DATETIME NOT NULL, `updatedAt` DATETIME NOT NULL, PRIMARY KEY (`id`)) ENGINE=InnoDB;

sql [2021-06-15 12:36:25] [DEBUG]: Executing (default): SHOW INDEX FROM `Tests`

sql [2021-06-15 12:38:45] [DEBUG]: Executing (default): SELECT 1+1 AS result

sql [2021-06-15 12:38:45] [DEBUG]: Executing (default): CREATE TABLE IF NOT EXISTS `Tests` (`id` INTEGER NOT NULL , `testName` VARCHAR(100) NOT NULL COMMENT '测试name', `testCode` VARCHAR(100) COMMENT '测试code', `createdAt` DATETIME NOT NULL, `updatedAt` DATETIME NOT NULL, PRIMARY KEY (`id`)) ENGINE=InnoDB;

sql [2021-06-15 12:38:45] [DEBUG]: Executing (default): SHOW INDEX FROM `Tests`

sql [2021-06-15 12:40:02] [DEBUG]: Executing (default): SELECT 1+1 AS result

sql [2021-06-15 12:40:02] [DEBUG]: Executing (default): CREATE TABLE IF NOT EXISTS `Tests` (`id` INTEGER NOT NULL , `testName` VARCHAR(100) NOT NULL COMMENT '测试name', `testCode` VARCHAR(100) COMMENT '测试code', `createdAt` DATETIME NOT NULL, `updatedAt` DATETIME NOT NULL, PRIMARY KEY (`id`)) ENGINE=InnoDB;

sql [2021-06-15 12:40:02] [DEBUG]: Executing (default): SHOW INDEX FROM `Tests`

sql [2021-06-15 12:40:13] [DEBUG]: Executing (default): SELECT 1+1 AS result

sql [2021-06-15 12:40:13] [DEBUG]: Executing (default): CREATE TABLE IF NOT EXISTS `Tests` (`id` INTEGER NOT NULL , `testName` VARCHAR(100) NOT NULL COMMENT '测试name', `testCode` VARCHAR(100) COMMENT '测试code', `createdAt` DATETIME NOT NULL, `updatedAt` DATETIME NOT NULL, PRIMARY KEY (`id`)) ENGINE=InnoDB;

sql [2021-06-15 12:40:13] [DEBUG]: Executing (default): SHOW INDEX FROM `Tests`

sql [2021-06-15 12:43:49] [DEBUG]: Executing (default): SELECT 1+1 AS result

sql [2021-06-15 12:43:49] [DEBUG]: Executing (default): CREATE TABLE IF NOT EXISTS `Tests` (`id` INTEGER NOT NULL , `testName` VARCHAR(100) NOT NULL COMMENT '测试name', `testCode` VARCHAR(100) COMMENT '测试code', `createdAt` DATETIME NOT NULL, `updatedAt` DATETIME NOT NULL, PRIMARY KEY (`id`)) ENGINE=InnoDB;

sql [2021-06-15 12:43:49] [DEBUG]: Executing (default): SHOW INDEX FROM `Tests`

sql [2021-06-15 12:45:52] [DEBUG]: Executing (default): SELECT 1+1 AS result

sql [2021-06-15 12:45:52] [DEBUG]: Executing (default): CREATE TABLE IF NOT EXISTS `Tests` (`id` INTEGER NOT NULL , `testName` VARCHAR(100) NOT NULL COMMENT '测试name', `testCode` VARCHAR(100) COMMENT '测试code', `createdAt` DATETIME NOT NULL, `updatedAt` DATETIME NOT NULL, PRIMARY KEY (`id`)) ENGINE=InnoDB;

sql [2021-06-15 12:45:52] [DEBUG]: Executing (default): SHOW INDEX FROM `Tests`

sql [2021-06-15 12:46:10] [DEBUG]: Executing (default): SELECT 1+1 AS result

sql [2021-06-15 12:46:10] [DEBUG]: Executing (default): CREATE TABLE IF NOT EXISTS `Tests` (`id` INTEGER NOT NULL , `testName` VARCHAR(100) NOT NULL COMMENT '测试name', `testCode` VARCHAR(100) COMMENT '测试code', `createdAt` DATETIME NOT NULL, `updatedAt` DATETIME NOT NULL, PRIMARY KEY (`id`)) ENGINE=InnoDB;

sql [2021-06-15 12:46:10] [DEBUG]: Executing (default): SHOW INDEX FROM `Tests`

sql [2021-06-15 12:46:35] [DEBUG]: Executing (default): SELECT 1+1 AS result

sql [2021-06-15 12:46:35] [DEBUG]: Executing (default): CREATE TABLE IF NOT EXISTS `Tests` (`id` INTEGER NOT NULL , `testName` VARCHAR(100) NOT NULL COMMENT '测试name', `testCode` VARCHAR(100) COMMENT '测试code', `createdAt` DATETIME NOT NULL, `updatedAt` DATETIME NOT NULL, PRIMARY KEY (`id`)) ENGINE=InnoDB;

sql [2021-06-15 12:46:35] [DEBUG]: Executing (default): SHOW INDEX FROM `Tests`

sql [2021-06-15 12:46:54] [DEBUG]: Executing (default): SELECT 1+1 AS result

sql [2021-06-15 12:46:54] [DEBUG]: Executing (default): CREATE TABLE IF NOT EXISTS `Tests` (`id` INTEGER NOT NULL , `testName` VARCHAR(100) NOT NULL COMMENT '测试name', `testCode` VARCHAR(100) COMMENT '测试code', `createdAt` DATETIME NOT NULL, `updatedAt` DATETIME NOT NULL, PRIMARY KEY (`id`)) ENGINE=InnoDB;

sql [2021-06-15 12:46:54] [DEBUG]: Executing (default): SHOW INDEX FROM `Tests`

sql [2021-06-15 12:47:15] [DEBUG]: Executing (default): SELECT 1+1 AS result

sql [2021-06-15 12:47:15] [DEBUG]: Executing (default): CREATE TABLE IF NOT EXISTS `Tests` (`id` INTEGER NOT NULL , `testName` VARCHAR(100) NOT NULL COMMENT '测试name', `testCode` VARCHAR(100) COMMENT '测试code', `createdAt` DATETIME NOT NULL, `updatedAt` DATETIME NOT NULL, PRIMARY KEY (`id`)) ENGINE=InnoDB;

sql [2021-06-15 12:47:15] [DEBUG]: Executing (default): SHOW INDEX FROM `Tests`

sql [2021-06-15 12:47:28] [DEBUG]: Executing (default): SELECT 1+1 AS result

sql [2021-06-15 12:47:28] [DEBUG]: Executing (default): CREATE TABLE IF NOT EXISTS `Tests` (`id` INTEGER NOT NULL , `testName` VARCHAR(100) NOT NULL COMMENT '测试name', `testCode` VARCHAR(100) COMMENT '测试code', `createdAt` DATETIME NOT NULL, `updatedAt` DATETIME NOT NULL, PRIMARY KEY (`id`)) ENGINE=InnoDB;

sql [2021-06-15 12:47:28] [DEBUG]: Executing (default): SHOW INDEX FROM `Tests`

sql [2021-06-15 12:48:43] [DEBUG]: Executing (default): SELECT 1+1 AS result

sql [2021-06-15 12:48:43] [DEBUG]: Executing (default): CREATE TABLE IF NOT EXISTS `Tests` (`id` INTEGER NOT NULL , `testName` VARCHAR(100) NOT NULL COMMENT '测试name', `testCode` VARCHAR(100) COMMENT '测试code', `createdAt` DATETIME NOT NULL, `updatedAt` DATETIME NOT NULL, PRIMARY KEY (`id`)) ENGINE=InnoDB;

sql [2021-06-15 12:48:44] [DEBUG]: Executing (default): SHOW INDEX FROM `Tests`

sql [2021-06-15 12:49:29] [DEBUG]: Executing (default): SELECT 1+1 AS result

sql [2021-06-15 12:49:29] [DEBUG]: Executing (default): CREATE TABLE IF NOT EXISTS `Tests` (`id` INTEGER NOT NULL , `testName` VARCHAR(100) NOT NULL COMMENT '测试name', `testCode` VARCHAR(100) COMMENT '测试code', `createdAt` DATETIME NOT NULL, `updatedAt` DATETIME NOT NULL, PRIMARY KEY (`id`)) ENGINE=InnoDB;

sql [2021-06-15 12:49:29] [DEBUG]: Executing (default): SHOW INDEX FROM `Tests`

sql [2021-06-15 12:49:50] [DEBUG]: Executing (default): SELECT 1+1 AS result

sql [2021-06-15 12:49:50] [DEBUG]: Executing (default): CREATE TABLE IF NOT EXISTS `Tests` (`id` INTEGER NOT NULL , `testName` VARCHAR(100) NOT NULL COMMENT '测试name', `testCode` VARCHAR(100) COMMENT '测试code', `createdAt` DATETIME NOT NULL, `updatedAt` DATETIME NOT NULL, PRIMARY KEY (`id`)) ENGINE=InnoDB;

sql [2021-06-15 12:49:50] [DEBUG]: Executing (default): SHOW INDEX FROM `Tests`

sql [2021-06-15 12:50:45] [DEBUG]: Executing (default): SELECT 1+1 AS result

sql [2021-06-15 12:50:45] [DEBUG]: Executing (default): CREATE TABLE IF NOT EXISTS `Tests` (`id` INTEGER NOT NULL , `testName` VARCHAR(100) NOT NULL COMMENT '测试name', `testCode` VARCHAR(100) COMMENT '测试code', `createdAt` DATETIME NOT NULL, `updatedAt` DATETIME NOT NULL, PRIMARY KEY (`id`)) ENGINE=InnoDB;

sql [2021-06-15 12:50:45] [DEBUG]: Executing (default): SHOW INDEX FROM `Tests`

sql [2021-06-15 12:53:53] [DEBUG]: Executing (default): SELECT 1+1 AS result

sql [2021-06-15 12:53:53] [DEBUG]: Executing (default): CREATE TABLE IF NOT EXISTS `Tests` (`id` INTEGER NOT NULL , `testName` VARCHAR(100) NOT NULL COMMENT '测试name', `testCode` VARCHAR(100) COMMENT '测试code', `createdAt` DATETIME NOT NULL, `updatedAt` DATETIME NOT NULL, PRIMARY KEY (`id`)) ENGINE=InnoDB;

sql [2021-06-15 12:53:53] [DEBUG]: Executing (default): SHOW INDEX FROM `Tests`

sql [2021-06-15 12:56:34] [DEBUG]: Executing (default): SELECT 1+1 AS result

sql [2021-06-15 12:56:34] [DEBUG]: Executing (default): CREATE TABLE IF NOT EXISTS `Tests` (`id` INTEGER NOT NULL , `testName` VARCHAR(100) NOT NULL COMMENT '测试name', `testCode` VARCHAR(100) COMMENT '测试code', `createdAt` DATETIME NOT NULL, `updatedAt` DATETIME NOT NULL, PRIMARY KEY (`id`)) ENGINE=InnoDB;

sql [2021-06-15 12:56:34] [DEBUG]: Executing (default): SHOW INDEX FROM `Tests`

sql [2021-06-15 12:56:55] [DEBUG]: Executing (default): SELECT 1+1 AS result

sql [2021-06-15 12:56:55] [DEBUG]: Executing (default): CREATE TABLE IF NOT EXISTS `Tests` (`id` INTEGER NOT NULL , `testName` VARCHAR(100) NOT NULL COMMENT '测试name', `testCode` VARCHAR(100) COMMENT '测试code', `createdAt` DATETIME NOT NULL, `updatedAt` DATETIME NOT NULL, PRIMARY KEY (`id`)) ENGINE=InnoDB;

sql [2021-06-15 12:56:55] [DEBUG]: Executing (default): SHOW INDEX FROM `Tests`

sql [2021-06-15 13:01:49] [DEBUG]: Executing (default): SELECT 1+1 AS result

sql [2021-06-15 13:01:49] [DEBUG]: Executing (default): CREATE TABLE IF NOT EXISTS `Tests` (`id` INTEGER NOT NULL , `testName` VARCHAR(100) NOT NULL COMMENT '测试name', `testCode` VARCHAR(100) COMMENT '测试code', `createdAt` DATETIME NOT NULL, `updatedAt` DATETIME NOT NULL, PRIMARY KEY (`id`)) ENGINE=InnoDB;

sql [2021-06-15 13:01:49] [DEBUG]: Executing (default): SHOW INDEX FROM `Tests`

sql [2021-06-15 13:02:27] [DEBUG]: Executing (default): SELECT 1+1 AS result

sql [2021-06-15 13:02:27] [DEBUG]: Executing (default): CREATE TABLE IF NOT EXISTS `Tests` (`id` INTEGER NOT NULL , `testName` VARCHAR(100) NOT NULL COMMENT '测试name', `testCode` VARCHAR(100) COMMENT '测试code', `createdAt` DATETIME NOT NULL, `updatedAt` DATETIME NOT NULL, PRIMARY KEY (`id`)) ENGINE=InnoDB;

sql [2021-06-15 13:02:27] [DEBUG]: Executing (default): SHOW INDEX FROM `Tests`

sql [2021-06-15 13:03:02] [DEBUG]: Executing (default): SELECT 1+1 AS result

sql [2021-06-15 13:03:02] [DEBUG]: Executing (default): CREATE TABLE IF NOT EXISTS `Tests` (`id` INTEGER NOT NULL , `testName` VARCHAR(100) NOT NULL COMMENT '测试name', `testCode` VARCHAR(100) COMMENT '测试code', `createdAt` DATETIME NOT NULL, `updatedAt` DATETIME NOT NULL, PRIMARY KEY (`id`)) ENGINE=InnoDB;

sql [2021-06-15 13:03:02] [DEBUG]: Executing (default): SHOW INDEX FROM `Tests`

sql [2021-06-15 13:05:38] [DEBUG]: Executing (default): SELECT 1+1 AS result

sql [2021-06-15 13:05:39] [DEBUG]: Executing (default): CREATE TABLE IF NOT EXISTS `Tests` (`id` INTEGER NOT NULL , `testName` VARCHAR(100) NOT NULL COMMENT '测试name', `testCode` VARCHAR(100) COMMENT '测试code', `createdAt` DATETIME NOT NULL, `updatedAt` DATETIME NOT NULL, PRIMARY KEY (`id`)) ENGINE=InnoDB;

sql [2021-06-15 13:05:39] [DEBUG]: Executing (default): SHOW INDEX FROM `Tests`

sql [2021-06-15 13:05:59] [DEBUG]: Executing (default): SELECT 1+1 AS result

sql [2021-06-15 13:05:59] [DEBUG]: Executing (default): CREATE TABLE IF NOT EXISTS `Tests` (`id` INTEGER NOT NULL , `testName` VARCHAR(100) NOT NULL COMMENT '测试name', `testCode` VARCHAR(100) COMMENT '测试code', `createdAt` DATETIME NOT NULL, `updatedAt` DATETIME NOT NULL, PRIMARY KEY (`id`)) ENGINE=InnoDB;

sql [2021-06-15 13:05:59] [DEBUG]: Executing (default): SHOW INDEX FROM `Tests`

sql [2021-06-15 13:06:18] [DEBUG]: Executing (default): SELECT 1+1 AS result

sql [2021-06-15 13:06:18] [DEBUG]: Executing (default): CREATE TABLE IF NOT EXISTS `Tests` (`id` INTEGER NOT NULL , `testName` VARCHAR(100) NOT NULL COMMENT '测试name', `testCode` VARCHAR(100) COMMENT '测试code', `createdAt` DATETIME NOT NULL, `updatedAt` DATETIME NOT NULL, PRIMARY KEY (`id`)) ENGINE=InnoDB;

sql [2021-06-15 13:06:18] [DEBUG]: Executing (default): SHOW INDEX FROM `Tests`

sql [2021-06-15 13:09:32] [DEBUG]: Executing (default): SELECT 1+1 AS result

sql [2021-06-15 13:09:32] [DEBUG]: Executing (default): CREATE TABLE IF NOT EXISTS `Tests` (`id` INTEGER NOT NULL , `testName` VARCHAR(100) NOT NULL COMMENT '测试name', `testCode` VARCHAR(100) COMMENT '测试code', `createdAt` DATETIME NOT NULL, `updatedAt` DATETIME NOT NULL, PRIMARY KEY (`id`)) ENGINE=InnoDB;

sql [2021-06-15 13:09:32] [DEBUG]: Executing (default): SHOW INDEX FROM `Tests`

sql [2021-06-15 13:09:52] [DEBUG]: Executing (default): SELECT 1+1 AS result

sql [2021-06-15 13:09:52] [DEBUG]: Executing (default): CREATE TABLE IF NOT EXISTS `Tests` (`id` INTEGER NOT NULL , `testName` VARCHAR(100) NOT NULL COMMENT '测试name', `testCode` VARCHAR(100) COMMENT '测试code', `createdAt` DATETIME NOT NULL, `updatedAt` DATETIME NOT NULL, PRIMARY KEY (`id`)) ENGINE=InnoDB;

sql [2021-06-15 13:09:52] [DEBUG]: Executing (default): SHOW INDEX FROM `Tests`

sql [2021-06-15 13:10:03] [DEBUG]: Executing (default): SELECT 1+1 AS result

sql [2021-06-15 13:10:03] [DEBUG]: Executing (default): CREATE TABLE IF NOT EXISTS `Tests` (`id` INTEGER NOT NULL , `testName` VARCHAR(100) NOT NULL COMMENT '测试name', `testCode` VARCHAR(100) COMMENT '测试code', `createdAt` DATETIME NOT NULL, `updatedAt` DATETIME NOT NULL, PRIMARY KEY (`id`)) ENGINE=InnoDB;

sql [2021-06-15 13:10:03] [DEBUG]: Executing (default): SHOW INDEX FROM `Tests`

sql [2021-06-15 13:10:42] [DEBUG]: Executing (default): SELECT 1+1 AS result

sql [2021-06-15 13:10:42] [DEBUG]: Executing (default): CREATE TABLE IF NOT EXISTS `Tests` (`id` INTEGER NOT NULL , `testName` VARCHAR(100) NOT NULL COMMENT '测试name', `testCode` VARCHAR(100) COMMENT '测试code', `createdAt` DATETIME NOT NULL, `updatedAt` DATETIME NOT NULL, PRIMARY KEY (`id`)) ENGINE=InnoDB;

sql [2021-06-15 13:10:42] [DEBUG]: Executing (default): SHOW INDEX FROM `Tests`

sql [2021-06-15 13:11:52] [DEBUG]: Executing (default): SELECT 1+1 AS result

sql [2021-06-15 13:11:52] [DEBUG]: Executing (default): CREATE TABLE IF NOT EXISTS `Tests` (`id` INTEGER NOT NULL , `testName` VARCHAR(100) NOT NULL COMMENT '测试name', `testCode` VARCHAR(100) COMMENT '测试code', `createdAt` DATETIME NOT NULL, `updatedAt` DATETIME NOT NULL, PRIMARY KEY (`id`)) ENGINE=InnoDB;

sql [2021-06-15 13:11:52] [DEBUG]: Executing (default): SHOW INDEX FROM `Tests`

sql [2021-06-15 13:12:05] [DEBUG]: Executing (default): SELECT 1+1 AS result

sql [2021-06-15 13:12:06] [DEBUG]: Executing (default): CREATE TABLE IF NOT EXISTS `Tests` (`id` INTEGER NOT NULL , `testName` VARCHAR(100) NOT NULL COMMENT '测试name', `testCode` VARCHAR(100) COMMENT '测试code', `createdAt` DATETIME NOT NULL, `updatedAt` DATETIME NOT NULL, PRIMARY KEY (`id`)) ENGINE=InnoDB;

sql [2021-06-15 13:12:06] [DEBUG]: Executing (default): SHOW INDEX FROM `Tests`

sql [2021-06-15 13:12:20] [DEBUG]: Executing (default): SELECT 1+1 AS result

sql [2021-06-15 13:12:20] [DEBUG]: Executing (default): CREATE TABLE IF NOT EXISTS `Tests` (`id` INTEGER NOT NULL , `testName` VARCHAR(100) NOT NULL COMMENT '测试name', `testCode` VARCHAR(100) COMMENT '测试code', `createdAt` DATETIME NOT NULL, `updatedAt` DATETIME NOT NULL, PRIMARY KEY (`id`)) ENGINE=InnoDB;

sql [2021-06-15 13:12:20] [DEBUG]: Executing (default): SHOW INDEX FROM `Tests`

sql [2021-06-15 13:12:38] [DEBUG]: Executing (default): SELECT 1+1 AS result

sql [2021-06-15 13:12:38] [DEBUG]: Executing (default): CREATE TABLE IF NOT EXISTS `Tests` (`id` INTEGER NOT NULL , `testName` VARCHAR(100) NOT NULL COMMENT '测试name', `testCode` VARCHAR(100) COMMENT '测试code', `createdAt` DATETIME NOT NULL, `updatedAt` DATETIME NOT NULL, PRIMARY KEY (`id`)) ENGINE=InnoDB;

sql [2021-06-15 13:12:38] [DEBUG]: Executing (default): SHOW INDEX FROM `Tests`

sql [2021-06-15 14:03:59] [DEBUG]: Executing (default): SELECT 1+1 AS result

sql [2021-06-15 14:03:59] [DEBUG]: Executing (default): CREATE TABLE IF NOT EXISTS `Tests` (`id` INTEGER NOT NULL , `testName` VARCHAR(100) NOT NULL COMMENT '测试name', `testCode` VARCHAR(100) COMMENT '测试code', `createdAt` DATETIME NOT NULL, `updatedAt` DATETIME NOT NULL, PRIMARY KEY (`id`)) ENGINE=InnoDB;

sql [2021-06-15 14:03:59] [DEBUG]: Executing (default): SHOW INDEX FROM `Tests`

sql [2021-06-15 14:04:55] [DEBUG]: Executing (default): SELECT 1+1 AS result

sql [2021-06-15 14:04:55] [DEBUG]: Executing (default): CREATE TABLE IF NOT EXISTS `Tests` (`id` INTEGER NOT NULL , `testName` VARCHAR(100) NOT NULL COMMENT '测试name', `testCode` VARCHAR(100) COMMENT '测试code', `createdAt` DATETIME NOT NULL, `updatedAt` DATETIME NOT NULL, PRIMARY KEY (`id`)) ENGINE=InnoDB;

sql [2021-06-15 14:04:55] [DEBUG]: Executing (default): SHOW INDEX FROM `Tests`

sql [2021-06-15 14:05:11] [DEBUG]: Executing (default): SELECT 1+1 AS result

sql [2021-06-15 14:05:11] [DEBUG]: Executing (default): CREATE TABLE IF NOT EXISTS `Tests` (`id` INTEGER NOT NULL , `testName` VARCHAR(100) NOT NULL COMMENT '测试name', `testCode` VARCHAR(100) COMMENT '测试code', `createdAt` DATETIME NOT NULL, `updatedAt` DATETIME NOT NULL, PRIMARY KEY (`id`)) ENGINE=InnoDB;

sql [2021-06-15 14:05:11] [DEBUG]: Executing (default): SHOW INDEX FROM `Tests`

sql [2021-06-15 14:05:42] [DEBUG]: Executing (default): SELECT 1+1 AS result

sql [2021-06-15 14:05:42] [DEBUG]: Executing (default): CREATE TABLE IF NOT EXISTS `Tests` (`id` INTEGER NOT NULL , `testName` VARCHAR(100) NOT NULL COMMENT '测试name', `testCode` VARCHAR(100) COMMENT '测试code', `createdAt` DATETIME NOT NULL, `updatedAt` DATETIME NOT NULL, PRIMARY KEY (`id`)) ENGINE=InnoDB;

sql [2021-06-15 14:05:42] [DEBUG]: Executing (default): SHOW INDEX FROM `Tests`

sql [2021-06-15 14:06:40] [DEBUG]: Executing (default): SELECT 1+1 AS result

sql [2021-06-15 14:06:40] [DEBUG]: Executing (default): CREATE TABLE IF NOT EXISTS `Tests` (`id` INTEGER NOT NULL , `testName` VARCHAR(100) NOT NULL COMMENT '测试name', `testCode` VARCHAR(100) COMMENT '测试code', `createdAt` DATETIME NOT NULL, `updatedAt` DATETIME NOT NULL, PRIMARY KEY (`id`)) ENGINE=InnoDB;

sql [2021-06-15 14:06:40] [DEBUG]: Executing (default): SHOW INDEX FROM `Tests`

sql [2021-06-15 14:06:59] [DEBUG]: Executing (default): SELECT 1+1 AS result

sql [2021-06-15 14:06:59] [DEBUG]: Executing (default): CREATE TABLE IF NOT EXISTS `Tests` (`id` INTEGER NOT NULL , `testName` VARCHAR(100) NOT NULL COMMENT '测试name', `testCode` VARCHAR(100) COMMENT '测试code', `createdAt` DATETIME NOT NULL, `updatedAt` DATETIME NOT NULL, PRIMARY KEY (`id`)) ENGINE=InnoDB;

sql [2021-06-15 14:06:59] [DEBUG]: Executing (default): SHOW INDEX FROM `Tests`

sql [2021-06-15 14:21:00] [DEBUG]: Executing (default): SELECT 1+1 AS result

sql [2021-06-15 14:21:00] [DEBUG]: Executing (default): CREATE TABLE IF NOT EXISTS `Tests` (`id` INTEGER NOT NULL , `testName` VARCHAR(100) NOT NULL COMMENT '测试name', `testCode` VARCHAR(100) COMMENT '测试code', `createdAt` DATETIME NOT NULL, `updatedAt` DATETIME NOT NULL, PRIMARY KEY (`id`)) ENGINE=InnoDB;

sql [2021-06-15 14:21:00] [DEBUG]: Executing (default): SHOW INDEX FROM `Tests`

sql [2021-06-15 14:31:53] [DEBUG]: Executing (default): SELECT 1+1 AS result

sql [2021-06-15 14:31:53] [DEBUG]: Executing (default): CREATE TABLE IF NOT EXISTS `Tests` (`id` INTEGER NOT NULL , `testName` VARCHAR(100) NOT NULL COMMENT '测试name', `testCode` VARCHAR(100) COMMENT '测试code', `createdAt` DATETIME NOT NULL, `updatedAt` DATETIME NOT NULL, PRIMARY KEY (`id`)) ENGINE=InnoDB;

sql [2021-06-15 14:31:53] [DEBUG]: Executing (default): SHOW INDEX FROM `Tests`

sql [2021-06-15 14:32:43] [DEBUG]: Executing (default): SELECT 1+1 AS result

sql [2021-06-15 14:32:43] [DEBUG]: Executing (default): CREATE TABLE IF NOT EXISTS `Tests` (`id` INTEGER NOT NULL , `testName` VARCHAR(100) NOT NULL COMMENT '测试name', `testCode` VARCHAR(100) COMMENT '测试code', `createdAt` DATETIME NOT NULL, `updatedAt` DATETIME NOT NULL, PRIMARY KEY (`id`)) ENGINE=InnoDB;

sql [2021-06-15 14:32:43] [DEBUG]: Executing (default): SHOW INDEX FROM `Tests`

sql [2021-06-15 14:35:13] [DEBUG]: Executing (default): SELECT 1+1 AS result

sql [2021-06-15 14:35:13] [DEBUG]: Executing (default): CREATE TABLE IF NOT EXISTS `Tests` (`id` INTEGER NOT NULL , `testName` VARCHAR(100) NOT NULL COMMENT '测试name', `testCode` VARCHAR(100) COMMENT '测试code', `createdAt` DATETIME NOT NULL, `updatedAt` DATETIME NOT NULL, PRIMARY KEY (`id`)) ENGINE=InnoDB;

sql [2021-06-15 14:35:13] [DEBUG]: Executing (default): SHOW INDEX FROM `Tests`

sql [2021-06-15 14:36:57] [DEBUG]: Executing (default): SELECT 1+1 AS result

sql [2021-06-15 14:36:57] [DEBUG]: Executing (default): CREATE TABLE IF NOT EXISTS `Tests` (`id` INTEGER NOT NULL , `testName` VARCHAR(100) NOT NULL COMMENT '测试name', `testCode` VARCHAR(100) COMMENT '测试code', `createdAt` DATETIME NOT NULL, `updatedAt` DATETIME NOT NULL, PRIMARY KEY (`id`)) ENGINE=InnoDB;

sql [2021-06-15 14:36:57] [DEBUG]: Executing (default): SHOW INDEX FROM `Tests`

sql [2021-06-15 14:51:39] [DEBUG]: Executing (default): SELECT 1+1 AS result

sql [2021-06-15 14:51:39] [DEBUG]: Executing (default): CREATE TABLE IF NOT EXISTS `Tests` (`id` INTEGER NOT NULL , `testName` VARCHAR(100) NOT NULL COMMENT '测试name', `testCode` VARCHAR(100) COMMENT '测试code', `createdAt` DATETIME NOT NULL, `updatedAt` DATETIME NOT NULL, PRIMARY KEY (`id`)) ENGINE=InnoDB;

sql [2021-06-15 14:51:39] [DEBUG]: Executing (default): SHOW INDEX FROM `Tests`

sql [2021-06-15 14:52:38] [DEBUG]: Executing (default): SELECT 1+1 AS result

sql [2021-06-15 14:52:38] [DEBUG]: Executing (default): CREATE TABLE IF NOT EXISTS `Tests` (`id` INTEGER NOT NULL , `testName` VARCHAR(100) NOT NULL COMMENT '测试name', `testCode` VARCHAR(100) COMMENT '测试code', `createdAt` DATETIME NOT NULL, `updatedAt` DATETIME NOT NULL, PRIMARY KEY (`id`)) ENGINE=InnoDB;

sql [2021-06-15 14:52:38] [DEBUG]: Executing (default): SHOW INDEX FROM `Tests`

sql [2021-06-15 14:53:06] [DEBUG]: Executing (default): SELECT 1+1 AS result

sql [2021-06-15 14:53:06] [DEBUG]: Executing (default): CREATE TABLE IF NOT EXISTS `Tests` (`id` INTEGER NOT NULL , `testName` VARCHAR(100) NOT NULL COMMENT '测试name', `testCode` VARCHAR(100) COMMENT '测试code', `createdAt` DATETIME NOT NULL, `updatedAt` DATETIME NOT NULL, PRIMARY KEY (`id`)) ENGINE=InnoDB;

sql [2021-06-15 14:53:06] [DEBUG]: Executing (default): SHOW INDEX FROM `Tests`

sql [2021-06-15 14:54:36] [DEBUG]: Executing (default): SELECT 1+1 AS result

sql [2021-06-15 14:54:36] [DEBUG]: Executing (default): CREATE TABLE IF NOT EXISTS `Tests` (`id` INTEGER NOT NULL , `testName` VARCHAR(100) NOT NULL COMMENT '测试name', `testCode` VARCHAR(100) COMMENT '测试code', `createdAt` DATETIME NOT NULL, `updatedAt` DATETIME NOT NULL, PRIMARY KEY (`id`)) ENGINE=InnoDB;

sql [2021-06-15 14:54:36] [DEBUG]: Executing (default): SHOW INDEX FROM `Tests`

sql [2021-06-15 14:55:13] [DEBUG]: Executing (default): SELECT 1+1 AS result

sql [2021-06-15 14:55:13] [DEBUG]: Executing (default): CREATE TABLE IF NOT EXISTS `Tests` (`id` INTEGER NOT NULL , `testName` VARCHAR(100) NOT NULL COMMENT '测试name', `testCode` VARCHAR(100) COMMENT '测试code', `createdAt` DATETIME NOT NULL, `updatedAt` DATETIME NOT NULL, PRIMARY KEY (`id`)) ENGINE=InnoDB;

sql [2021-06-15 14:55:13] [DEBUG]: Executing (default): SHOW INDEX FROM `Tests`

sql [2021-06-15 15:08:41] [DEBUG]: Executing (default): SELECT 1+1 AS result

sql [2021-06-15 15:08:41] [DEBUG]: Executing (default): CREATE TABLE IF NOT EXISTS `Tests` (`id` INTEGER NOT NULL , `testName` VARCHAR(100) NOT NULL COMMENT '测试name', `testCode` VARCHAR(100) COMMENT '测试code', `createdAt` DATETIME NOT NULL, `updatedAt` DATETIME NOT NULL, PRIMARY KEY (`id`)) ENGINE=InnoDB;

sql [2021-06-15 15:08:41] [DEBUG]: Executing (default): SHOW INDEX FROM `Tests`

sql [2021-06-15 15:09:22] [DEBUG]: Executing (default): SELECT 1+1 AS result

sql [2021-06-15 15:09:22] [DEBUG]: Executing (default): CREATE TABLE IF NOT EXISTS `Tests` (`id` INTEGER NOT NULL , `testName` VARCHAR(100) NOT NULL COMMENT '测试name', `testCode` VARCHAR(100) COMMENT '测试code', `createdAt` DATETIME NOT NULL, `updatedAt` DATETIME NOT NULL, PRIMARY KEY (`id`)) ENGINE=InnoDB;

sql [2021-06-15 15:09:22] [DEBUG]: Executing (default): SHOW INDEX FROM `Tests`

sql [2021-06-15 15:10:02] [DEBUG]: Executing (default): SELECT 1+1 AS result

sql [2021-06-15 15:10:02] [DEBUG]: Executing (default): CREATE TABLE IF NOT EXISTS `Tests` (`id` INTEGER NOT NULL , `testName` VARCHAR(100) NOT NULL COMMENT '测试name', `testCode` VARCHAR(100) COMMENT '测试code', `createdAt` DATETIME NOT NULL, `updatedAt` DATETIME NOT NULL, PRIMARY KEY (`id`)) ENGINE=InnoDB;

sql [2021-06-15 15:10:02] [DEBUG]: Executing (default): SHOW INDEX FROM `Tests`

sql [2021-06-15 15:10:22] [DEBUG]: Executing (default): SELECT 1+1 AS result

sql [2021-06-15 15:10:22] [DEBUG]: Executing (default): CREATE TABLE IF NOT EXISTS `Tests` (`id` INTEGER NOT NULL , `testName` VARCHAR(100) NOT NULL COMMENT '测试name', `testCode` VARCHAR(100) COMMENT '测试code', `createdAt` DATETIME NOT NULL, `updatedAt` DATETIME NOT NULL, PRIMARY KEY (`id`)) ENGINE=InnoDB;

sql [2021-06-15 15:10:22] [DEBUG]: Executing (default): SHOW INDEX FROM `Tests`

sql [2021-06-15 15:11:11] [DEBUG]: Executing (default): SELECT 1+1 AS result

sql [2021-06-15 15:11:11] [DEBUG]: Executing (default): CREATE TABLE IF NOT EXISTS `Tests` (`id` INTEGER NOT NULL , `testName` VARCHAR(100) NOT NULL COMMENT '测试name', `testCode` VARCHAR(100) COMMENT '测试code', `createdAt` DATETIME NOT NULL, `updatedAt` DATETIME NOT NULL, PRIMARY KEY (`id`)) ENGINE=InnoDB;

sql [2021-06-15 15:11:11] [DEBUG]: Executing (default): SHOW INDEX FROM `Tests`

sql [2021-06-15 15:11:26] [DEBUG]: Executing (default): SELECT 1+1 AS result

sql [2021-06-15 15:11:26] [DEBUG]: Executing (default): CREATE TABLE IF NOT EXISTS `Tests` (`id` INTEGER NOT NULL , `testName` VARCHAR(100) NOT NULL COMMENT '测试name', `testCode` VARCHAR(100) COMMENT '测试code', `createdAt` DATETIME NOT NULL, `updatedAt` DATETIME NOT NULL, PRIMARY KEY (`id`)) ENGINE=InnoDB;

sql [2021-06-15 15:11:26] [DEBUG]: Executing (default): SHOW INDEX FROM `Tests`

sql [2021-06-15 15:12:03] [DEBUG]: Executing (default): SELECT 1+1 AS result

sql [2021-06-15 15:12:03] [DEBUG]: Executing (default): CREATE TABLE IF NOT EXISTS `Tests` (`id` INTEGER NOT NULL , `testName` VARCHAR(100) NOT NULL COMMENT '测试name', `testCode` VARCHAR(100) COMMENT '测试code', `createdAt` DATETIME NOT NULL, `updatedAt` DATETIME NOT NULL, PRIMARY KEY (`id`)) ENGINE=InnoDB;

sql [2021-06-15 15:12:03] [DEBUG]: Executing (default): SHOW INDEX FROM `Tests`

sql [2021-06-15 15:12:32] [DEBUG]: Executing (default): SELECT 1+1 AS result

sql [2021-06-15 15:12:32] [DEBUG]: Executing (default): CREATE TABLE IF NOT EXISTS `Tests` (`id` INTEGER NOT NULL , `testName` VARCHAR(100) NOT NULL COMMENT '测试name', `testCode` VARCHAR(100) COMMENT '测试code', `createdAt` DATETIME NOT NULL, `updatedAt` DATETIME NOT NULL, PRIMARY KEY (`id`)) ENGINE=InnoDB;

sql [2021-06-15 15:12:32] [DEBUG]: Executing (default): SHOW INDEX FROM `Tests`

sql [2021-06-15 15:13:31] [DEBUG]: Executing (default): SELECT 1+1 AS result

sql [2021-06-15 15:13:31] [DEBUG]: Executing (default): CREATE TABLE IF NOT EXISTS `Tests` (`id` INTEGER NOT NULL , `testName` VARCHAR(100) NOT NULL COMMENT '测试name', `testCode` VARCHAR(100) COMMENT '测试code', `createdAt` DATETIME NOT NULL, `updatedAt` DATETIME NOT NULL, PRIMARY KEY (`id`)) ENGINE=InnoDB;

sql [2021-06-15 15:13:31] [DEBUG]: Executing (default): SHOW INDEX FROM `Tests`

sql [2021-06-15 15:14:09] [DEBUG]: Executing (default): SELECT 1+1 AS result

sql [2021-06-15 15:14:09] [DEBUG]: Executing (default): CREATE TABLE IF NOT EXISTS `Tests` (`id` INTEGER NOT NULL , `testName` VARCHAR(100) NOT NULL COMMENT '测试name', `testCode` VARCHAR(100) COMMENT '测试code', `createdAt` DATETIME NOT NULL, `updatedAt` DATETIME NOT NULL, PRIMARY KEY (`id`)) ENGINE=InnoDB;

sql [2021-06-15 15:14:09] [DEBUG]: Executing (default): SHOW INDEX FROM `Tests`

sql [2021-06-15 15:17:33] [DEBUG]: Executing (default): SELECT 1+1 AS result

sql [2021-06-15 15:17:33] [DEBUG]: Executing (default): CREATE TABLE IF NOT EXISTS `Tests` (`id` INTEGER NOT NULL , `testName` VARCHAR(100) NOT NULL COMMENT '测试name', `testCode` VARCHAR(100) COMMENT '测试code', `createdAt` DATETIME NOT NULL, `updatedAt` DATETIME NOT NULL, PRIMARY KEY (`id`)) ENGINE=InnoDB;

sql [2021-06-15 15:17:33] [DEBUG]: Executing (default): SHOW INDEX FROM `Tests`

sql [2021-06-15 15:18:00] [DEBUG]: Executing (default): SELECT 1+1 AS result

sql [2021-06-15 15:18:00] [DEBUG]: Executing (default): CREATE TABLE IF NOT EXISTS `Tests` (`id` INTEGER NOT NULL , `testName` VARCHAR(100) NOT NULL COMMENT '测试name', `testCode` VARCHAR(100) COMMENT '测试code', `createdAt` DATETIME NOT NULL, `updatedAt` DATETIME NOT NULL, PRIMARY KEY (`id`)) ENGINE=InnoDB;

sql [2021-06-15 15:18:00] [DEBUG]: Executing (default): SHOW INDEX FROM `Tests`

sql [2021-06-15 15:19:11] [DEBUG]: Executing (default): SELECT 1+1 AS result

sql [2021-06-15 15:19:11] [DEBUG]: Executing (default): CREATE TABLE IF NOT EXISTS `Tests` (`id` INTEGER NOT NULL , `testName` VARCHAR(100) NOT NULL COMMENT '测试name', `testCode` VARCHAR(100) COMMENT '测试code', `createdAt` DATETIME NOT NULL, `updatedAt` DATETIME NOT NULL, PRIMARY KEY (`id`)) ENGINE=InnoDB;

sql [2021-06-15 15:19:11] [DEBUG]: Executing (default): SHOW INDEX FROM `Tests`

sql [2021-06-15 15:20:08] [DEBUG]: Executing (default): SELECT 1+1 AS result

sql [2021-06-15 15:20:08] [DEBUG]: Executing (default): CREATE TABLE IF NOT EXISTS `Tests` (`id` INTEGER NOT NULL , `testName` VARCHAR(100) NOT NULL COMMENT '测试name', `testCode` VARCHAR(100) COMMENT '测试code', `createdAt` DATETIME NOT NULL, `updatedAt` DATETIME NOT NULL, PRIMARY KEY (`id`)) ENGINE=InnoDB;

sql [2021-06-15 15:20:08] [DEBUG]: Executing (default): SHOW INDEX FROM `Tests`

sql [2021-06-15 15:27:55] [DEBUG]: Executing (default): SELECT 1+1 AS result

sql [2021-06-15 15:27:55] [DEBUG]: Executing (default): CREATE TABLE IF NOT EXISTS `Tests` (`id` INTEGER NOT NULL , `testName` VARCHAR(100) NOT NULL COMMENT '测试name', `testCode` VARCHAR(100) COMMENT '测试code', `createdAt` DATETIME NOT NULL, `updatedAt` DATETIME NOT NULL, PRIMARY KEY (`id`)) ENGINE=InnoDB;

sql [2021-06-15 15:27:55] [DEBUG]: Executing (default): SHOW INDEX FROM `Tests`

sql [2021-06-15 15:45:22] [DEBUG]: Executing (default): SELECT 1+1 AS result

sql [2021-06-15 15:45:22] [DEBUG]: Executing (default): CREATE TABLE IF NOT EXISTS `Tests` (`id` INTEGER NOT NULL , `testName` VARCHAR(100) NOT NULL COMMENT '测试name', `testCode` VARCHAR(100) COMMENT '测试code', `createdAt` DATETIME NOT NULL, `updatedAt` DATETIME NOT NULL, PRIMARY KEY (`id`)) ENGINE=InnoDB;

sql [2021-06-15 15:45:22] [DEBUG]: Executing (default): SHOW INDEX FROM `Tests`

sql [2021-06-15 15:45:47] [DEBUG]: Executing (default): SELECT 1+1 AS result

sql [2021-06-15 15:45:47] [DEBUG]: Executing (default): CREATE TABLE IF NOT EXISTS `Tests` (`id` INTEGER NOT NULL auto_increment , `testName` VARCHAR(100) NOT NULL COMMENT '测试name', `testCode` VARCHAR(100) COMMENT '测试code', `createdAt` DATETIME NOT NULL, `updatedAt` DATETIME NOT NULL, PRIMARY KEY (`id`)) ENGINE=InnoDB;

sql [2021-06-15 15:45:47] [DEBUG]: Executing (default): SHOW INDEX FROM `Tests`

sql [2021-06-15 15:46:55] [DEBUG]: Executing (default): SELECT 1+1 AS result

sql [2021-06-15 15:46:55] [DEBUG]: Executing (default): CREATE TABLE IF NOT EXISTS `Tests` (`id` INTEGER NOT NULL auto_increment , `testName` VARCHAR(100) NOT NULL COMMENT '测试name', `testCode` VARCHAR(100) COMMENT '测试code', `createdAt` DATETIME NOT NULL, `updatedAt` DATETIME NOT NULL, PRIMARY KEY (`id`)) ENGINE=InnoDB;

sql [2021-06-15 15:46:55] [DEBUG]: Executing (default): SHOW INDEX FROM `Tests`

sql [2021-06-15 15:47:22] [DEBUG]: Executing (default): SELECT 1+1 AS result

sql [2021-06-15 15:47:22] [DEBUG]: Executing (default): CREATE TABLE IF NOT EXISTS `Tests` (`id` INTEGER NOT NULL auto_increment , `testName` VARCHAR(100) NOT NULL COMMENT '测试name', `testCode` VARCHAR(100) COMMENT '测试code', `createdAt` DATETIME NOT NULL, `updatedAt` DATETIME NOT NULL, PRIMARY KEY (`id`)) ENGINE=InnoDB;

sql [2021-06-15 15:47:22] [DEBUG]: Executing (default): SHOW INDEX FROM `Tests`

sql [2021-06-15 15:47:33] [DEBUG]: Executing (default): SELECT 1+1 AS result

sql [2021-06-15 15:47:33] [DEBUG]: Executing (default): CREATE TABLE IF NOT EXISTS `Tests` (`id` INTEGER NOT NULL auto_increment , `testName` VARCHAR(100) NOT NULL COMMENT '测试name', `testCode` VARCHAR(100) COMMENT '测试code', `createdAt` DATETIME NOT NULL, `updatedAt` DATETIME NOT NULL, PRIMARY KEY (`id`)) ENGINE=InnoDB;

sql [2021-06-15 15:47:33] [DEBUG]: Executing (default): SHOW INDEX FROM `Tests`

sql [2021-06-15 15:48:18] [DEBUG]: Executing (default): SELECT 1+1 AS result

sql [2021-06-15 15:48:18] [DEBUG]: Executing (default): CREATE TABLE IF NOT EXISTS `Tests` (`id` INTEGER NOT NULL auto_increment , `testName` VARCHAR(100) NOT NULL COMMENT '测试name', `testCode` VARCHAR(100) COMMENT '测试code', `createdAt` DATETIME NOT NULL, `updatedAt` DATETIME NOT NULL, PRIMARY KEY (`id`)) ENGINE=InnoDB;

sql [2021-06-15 15:48:18] [DEBUG]: Executing (default): SHOW INDEX FROM `Tests`

sql [2021-06-15 15:48:23] [DEBUG]: Executing (default): SELECT 1+1 AS result

sql [2021-06-15 15:48:23] [DEBUG]: Executing (default): CREATE TABLE IF NOT EXISTS `Tests` (`id` INTEGER NOT NULL auto_increment , `testName` VARCHAR(100) NOT NULL COMMENT '测试name', `testCode` VARCHAR(100) COMMENT '测试code', `createdAt` DATETIME NOT NULL, `updatedAt` DATETIME NOT NULL, PRIMARY KEY (`id`)) ENGINE=InnoDB;

sql [2021-06-15 15:48:23] [DEBUG]: Executing (default): SHOW INDEX FROM `Tests`

sql [2021-06-15 15:48:49] [DEBUG]: Executing (default): SELECT 1+1 AS result

sql [2021-06-15 15:48:49] [DEBUG]: Executing (default): CREATE TABLE IF NOT EXISTS `Tests` (`id` INTEGER NOT NULL auto_increment , `testName` VARCHAR(100) NOT NULL COMMENT '测试name', `testCode` VARCHAR(100) COMMENT '测试code', `createdAt` DATETIME NOT NULL, `updatedAt` DATETIME NOT NULL, PRIMARY KEY (`id`)) ENGINE=InnoDB;

sql [2021-06-15 15:48:49] [DEBUG]: Executing (default): SHOW INDEX FROM `Tests`

sql [2021-06-15 15:52:11] [DEBUG]: Executing (default): SELECT 1+1 AS result

sql [2021-06-15 15:52:11] [DEBUG]: Executing (default): CREATE TABLE IF NOT EXISTS `Tests` (`id` INTEGER NOT NULL auto_increment , `testName` VARCHAR(100) NOT NULL COMMENT '测试name', `testCode` VARCHAR(100) COMMENT '测试code', `createdAt` DATETIME NOT NULL, `updatedAt` DATETIME NOT NULL, PRIMARY KEY (`id`)) ENGINE=InnoDB;

sql [2021-06-15 15:52:11] [DEBUG]: Executing (default): SHOW INDEX FROM `Tests`

sql [2021-06-15 15:52:45] [DEBUG]: Executing (default): SELECT 1+1 AS result

sql [2021-06-15 15:52:45] [DEBUG]: Executing (default): CREATE TABLE IF NOT EXISTS `Tests` (`id` INTEGER NOT NULL auto_increment , `testName` VARCHAR(100) NOT NULL COMMENT '测试name', `testCode` VARCHAR(100) COMMENT '测试code', `createdAt` DATETIME NOT NULL, `updatedAt` DATETIME NOT NULL, PRIMARY KEY (`id`)) ENGINE=InnoDB;

sql [2021-06-15 15:52:45] [DEBUG]: Executing (default): SHOW INDEX FROM `Tests`

sql [2021-06-15 15:55:49] [DEBUG]: Executing (default): SELECT 1+1 AS result

sql [2021-06-15 15:55:49] [DEBUG]: Executing (default): CREATE TABLE IF NOT EXISTS `Tests` (`id` INTEGER NOT NULL auto_increment , `testName` VARCHAR(100) NOT NULL COMMENT '测试name', `testCode` VARCHAR(100) COMMENT '测试code', `createdAt` DATETIME NOT NULL, `updatedAt` DATETIME NOT NULL, PRIMARY KEY (`id`)) ENGINE=InnoDB;

sql [2021-06-15 15:55:49] [DEBUG]: Executing (default): SHOW INDEX FROM `Tests`

sql [2021-06-15 15:58:16] [DEBUG]: Executing (default): SELECT 1+1 AS result

sql [2021-06-15 15:58:16] [DEBUG]: Executing (default): CREATE TABLE IF NOT EXISTS `Tests` (`id` INTEGER NOT NULL auto_increment , `testName` VARCHAR(100) NOT NULL COMMENT '测试name', `testCode` VARCHAR(100) COMMENT '测试code', `createdAt` DATETIME NOT NULL, `updatedAt` DATETIME NOT NULL, PRIMARY KEY (`id`)) ENGINE=InnoDB;

sql [2021-06-15 15:58:16] [DEBUG]: Executing (default): SHOW INDEX FROM `Tests`

sql [2021-06-15 16:49:14] [DEBUG]: Executing (default): SELECT 1+1 AS result

sql [2021-06-15 16:49:14] [DEBUG]: Executing (default): CREATE TABLE IF NOT EXISTS `Tests` (`id` INTEGER NOT NULL auto_increment , `testName` VARCHAR(100) NOT NULL COMMENT '测试name', `testCode` VARCHAR(100) COMMENT '测试code', `createdAt` DATETIME NOT NULL, `updatedAt` DATETIME NOT NULL, PRIMARY KEY (`id`)) ENGINE=InnoDB;

sql [2021-06-15 16:49:14] [DEBUG]: Executing (default): SHOW INDEX FROM `Tests`

sql [2021-06-15 16:52:21] [DEBUG]: Executing (default): SELECT 1+1 AS result

sql [2021-06-15 16:52:21] [DEBUG]: Executing (default): CREATE TABLE IF NOT EXISTS `Tests` (`id` INTEGER NOT NULL auto_increment , `testName` VARCHAR(100) NOT NULL COMMENT '测试name', `testCode` VARCHAR(100) COMMENT '测试code', `createdAt` DATETIME NOT NULL, `updatedAt` DATETIME NOT NULL, PRIMARY KEY (`id`)) ENGINE=InnoDB;

sql [2021-06-15 16:52:21] [DEBUG]: Executing (default): SHOW INDEX FROM `Tests`

sql [2021-06-15 16:52:32] [DEBUG]: Executing (default): SELECT 1+1 AS result

sql [2021-06-15 16:52:32] [DEBUG]: Executing (default): CREATE TABLE IF NOT EXISTS `Tests` (`id` INTEGER NOT NULL auto_increment , `testName` VARCHAR(100) NOT NULL COMMENT '测试name', `testCode` VARCHAR(100) COMMENT '测试code', `createdAt` DATETIME NOT NULL, `updatedAt` DATETIME NOT NULL, PRIMARY KEY (`id`)) ENGINE=InnoDB;

sql [2021-06-15 16:52:32] [DEBUG]: Executing (default): SHOW INDEX FROM `Tests`

sql [2021-06-15 16:53:33] [DEBUG]: Executing (default): SELECT 1+1 AS result

sql [2021-06-15 16:53:33] [DEBUG]: Executing (default): CREATE TABLE IF NOT EXISTS `Tests` (`id` INTEGER NOT NULL auto_increment , `testName` VARCHAR(100) NOT NULL COMMENT '测试name', `testCode` VARCHAR(100) COMMENT '测试code', `createdAt` DATETIME NOT NULL, `updatedAt` DATETIME NOT NULL, PRIMARY KEY (`id`)) ENGINE=InnoDB;

sql [2021-06-15 16:53:33] [DEBUG]: Executing (default): SHOW INDEX FROM `Tests`

sql [2021-06-15 16:53:38] [DEBUG]: Executing (default): SELECT 1+1 AS result

sql [2021-06-15 16:53:38] [DEBUG]: Executing (default): CREATE TABLE IF NOT EXISTS `Tests` (`id` INTEGER NOT NULL auto_increment , `testName` VARCHAR(100) NOT NULL COMMENT '测试name', `testCode` VARCHAR(100) COMMENT '测试code', `createdAt` DATETIME NOT NULL, `updatedAt` DATETIME NOT NULL, PRIMARY KEY (`id`)) ENGINE=InnoDB;

sql [2021-06-15 16:53:38] [DEBUG]: Executing (default): SHOW INDEX FROM `Tests`

sql [2021-06-15 16:53:54] [DEBUG]: Executing (default): SELECT 1+1 AS result

sql [2021-06-15 16:53:54] [DEBUG]: Executing (default): CREATE TABLE IF NOT EXISTS `Tests` (`id` INTEGER NOT NULL auto_increment , `testName` VARCHAR(100) NOT NULL COMMENT '测试name', `testCode` VARCHAR(100) COMMENT '测试code', `createdAt` DATETIME NOT NULL, `updatedAt` DATETIME NOT NULL, PRIMARY KEY (`id`)) ENGINE=InnoDB;

sql [2021-06-15 16:53:54] [DEBUG]: Executing (default): SHOW INDEX FROM `Tests`

sql [2021-06-15 16:54:50] [DEBUG]: Executing (default): SELECT 1+1 AS result

sql [2021-06-15 16:54:50] [DEBUG]: Executing (default): CREATE TABLE IF NOT EXISTS `Tests` (`id` INTEGER NOT NULL auto_increment , `testName` VARCHAR(100) NOT NULL COMMENT '测试name', `testCode` VARCHAR(100) COMMENT '测试code', `createdAt` DATETIME NOT NULL, `updatedAt` DATETIME NOT NULL, PRIMARY KEY (`id`)) ENGINE=InnoDB;

sql [2021-06-15 16:54:50] [DEBUG]: Executing (default): SHOW INDEX FROM `Tests`

sql [2021-06-15 16:58:41] [DEBUG]: Executing (default): SELECT 1+1 AS result

sql [2021-06-15 16:58:41] [DEBUG]: Executing (default): CREATE TABLE IF NOT EXISTS `Tests` (`id` INTEGER NOT NULL auto_increment , `testName` VARCHAR(100) NOT NULL COMMENT '测试name', `testCode` VARCHAR(100) COMMENT '测试code', `createdAt` DATETIME NOT NULL, `updatedAt` DATETIME NOT NULL, PRIMARY KEY (`id`)) ENGINE=InnoDB;

sql [2021-06-15 16:58:41] [DEBUG]: Executing (default): SHOW INDEX FROM `Tests`

sql [2021-06-15 16:59:21] [DEBUG]: Executing (default): SELECT 1+1 AS result

sql [2021-06-15 16:59:21] [DEBUG]: Executing (default): CREATE TABLE IF NOT EXISTS `Tests` (`id` INTEGER NOT NULL auto_increment , `testName` VARCHAR(100) NOT NULL COMMENT '测试name', `testCode` VARCHAR(100) COMMENT '测试code', `createdAt` DATETIME NOT NULL, `updatedAt` DATETIME NOT NULL, PRIMARY KEY (`id`)) ENGINE=InnoDB;

sql [2021-06-15 16:59:21] [DEBUG]: Executing (default): SHOW INDEX FROM `Tests`

sql [2021-06-15 17:00:33] [DEBUG]: Executing (default): SELECT 1+1 AS result

sql [2021-06-15 17:00:33] [DEBUG]: Executing (default): CREATE TABLE IF NOT EXISTS `Tests` (`id` INTEGER NOT NULL auto_increment , `testName` VARCHAR(100) NOT NULL COMMENT '测试name', `testCode` VARCHAR(100) COMMENT '测试code', `createdAt` DATETIME NOT NULL, `updatedAt` DATETIME NOT NULL, PRIMARY KEY (`id`)) ENGINE=InnoDB;

sql [2021-06-15 17:00:33] [DEBUG]: Executing (default): SHOW INDEX FROM `Tests`

sql [2021-06-15 17:00:50] [DEBUG]: Executing (default): SELECT 1+1 AS result

sql [2021-06-15 17:00:50] [DEBUG]: Executing (default): CREATE TABLE IF NOT EXISTS `Tests` (`id` INTEGER NOT NULL auto_increment , `testName` VARCHAR(100) NOT NULL COMMENT '测试name', `testCode` VARCHAR(100) COMMENT '测试code', `createdAt` DATETIME NOT NULL, `updatedAt` DATETIME NOT NULL, PRIMARY KEY (`id`)) ENGINE=InnoDB;

sql [2021-06-15 17:00:50] [DEBUG]: Executing (default): SHOW INDEX FROM `Tests`

sql [2021-06-15 17:03:03] [DEBUG]: Executing (default): SELECT 1+1 AS result

sql [2021-06-15 17:03:03] [DEBUG]: Executing (default): CREATE TABLE IF NOT EXISTS `Tests` (`id` INTEGER NOT NULL auto_increment , `testName` VARCHAR(100) NOT NULL COMMENT '测试name', `testCode` VARCHAR(100) COMMENT '测试code', `createdAt` DATETIME NOT NULL, `updatedAt` DATETIME NOT NULL, PRIMARY KEY (`id`)) ENGINE=InnoDB;

sql [2021-06-15 17:03:03] [DEBUG]: Executing (default): SHOW INDEX FROM `Tests`

sql [2021-06-15 17:03:29] [DEBUG]: Executing (default): SELECT 1+1 AS result

sql [2021-06-15 17:03:29] [DEBUG]: Executing (default): CREATE TABLE IF NOT EXISTS `Tests` (`id` INTEGER NOT NULL auto_increment , `testName` VARCHAR(100) NOT NULL COMMENT '测试name', `testCode` VARCHAR(100) COMMENT '测试code', `createdAt` DATETIME NOT NULL, `updatedAt` DATETIME NOT NULL, PRIMARY KEY (`id`)) ENGINE=InnoDB;

sql [2021-06-15 17:03:29] [DEBUG]: Executing (default): SHOW INDEX FROM `Tests`

sql [2021-06-15 17:06:15] [DEBUG]: Executing (default): SELECT 1+1 AS result

sql [2021-06-15 17:06:15] [DEBUG]: Executing (default): CREATE TABLE IF NOT EXISTS `Tests` (`id` INTEGER NOT NULL auto_increment , `testName` VARCHAR(100) NOT NULL COMMENT '测试name', `testCode` VARCHAR(100) COMMENT '测试code', `createdAt` DATETIME NOT NULL, `updatedAt` DATETIME NOT NULL, PRIMARY KEY (`id`)) ENGINE=InnoDB;

sql [2021-06-15 17:06:15] [DEBUG]: Executing (default): SHOW INDEX FROM `Tests`

sql [2021-06-15 17:09:07] [DEBUG]: Executing (default): SELECT 1+1 AS result

sql [2021-06-15 17:09:07] [DEBUG]: Executing (default): CREATE TABLE IF NOT EXISTS `Tests` (`id` INTEGER NOT NULL auto_increment , `testName` VARCHAR(100) NOT NULL COMMENT '测试name', `testCode` VARCHAR(100) COMMENT '测试code', `createdAt` DATETIME NOT NULL, `updatedAt` DATETIME NOT NULL, PRIMARY KEY (`id`)) ENGINE=InnoDB;

sql [2021-06-15 17:09:07] [DEBUG]: Executing (default): SHOW INDEX FROM `Tests`

sql [2021-06-15 17:17:43] [DEBUG]: Executing (default): SELECT 1+1 AS result

sql [2021-06-15 17:17:43] [DEBUG]: Executing (default): CREATE TABLE IF NOT EXISTS `Tests` (`id` INTEGER NOT NULL auto_increment , `testName` VARCHAR(100) NOT NULL COMMENT '测试name', `testCode` VARCHAR(100) COMMENT '测试code', `createdAt` DATETIME NOT NULL, `updatedAt` DATETIME NOT NULL, PRIMARY KEY (`id`)) ENGINE=InnoDB;

sql [2021-06-15 17:17:43] [DEBUG]: Executing (default): SHOW INDEX FROM `Tests`

sql [2021-06-15 17:17:43] [DEBUG]: Executing (default): INSERT INTO `Tests` (`id`,`testName`,`testCode`,`createdAt`,`updatedAt`) VALUES (DEFAULT,?,?,?,?);

sql [2021-06-15 17:18:39] [DEBUG]: Executing (default): SELECT 1+1 AS result

sql [2021-06-15 17:18:39] [DEBUG]: Executing (default): CREATE TABLE IF NOT EXISTS `Tests` (`id` INTEGER NOT NULL auto_increment , `testName` VARCHAR(100) NOT NULL COMMENT '测试name', `testCode` VARCHAR(100) COMMENT '测试code', `createdAt` DATETIME NOT NULL, `updatedAt` DATETIME NOT NULL, PRIMARY KEY (`id`)) ENGINE=InnoDB;

sql [2021-06-15 17:18:39] [DEBUG]: Executing (default): SHOW INDEX FROM `Tests`

sql [2021-06-15 17:18:40] [DEBUG]: Executing (default): INSERT INTO `Tests` (`id`,`testName`,`testCode`,`createdAt`,`updatedAt`) VALUES (DEFAULT,?,?,?,?);

sql [2021-06-15 17:18:58] [DEBUG]: Executing (default): SELECT 1+1 AS result

sql [2021-06-15 17:18:58] [DEBUG]: Executing (default): CREATE TABLE IF NOT EXISTS `Tests` (`id` INTEGER NOT NULL auto_increment , `testName` VARCHAR(100) NOT NULL COMMENT '测试name', `testCode` VARCHAR(100) COMMENT '测试code', `createdAt` DATETIME NOT NULL, `updatedAt` DATETIME NOT NULL, PRIMARY KEY (`id`)) ENGINE=InnoDB;

sql [2021-06-15 17:18:58] [DEBUG]: Executing (default): SHOW INDEX FROM `Tests`

sql [2021-06-15 17:19:18] [DEBUG]: Executing (default): SELECT 1+1 AS result

sql [2021-06-15 17:19:18] [DEBUG]: Executing (default): CREATE TABLE IF NOT EXISTS `Tests` (`id` INTEGER NOT NULL auto_increment , `testName` VARCHAR(100) NOT NULL COMMENT '测试name', `testCode` VARCHAR(100) COMMENT '测试code', `createdAt` DATETIME NOT NULL, `updatedAt` DATETIME NOT NULL, PRIMARY KEY (`id`)) ENGINE=InnoDB;

sql [2021-06-15 17:19:18] [DEBUG]: Executing (default): INSERT INTO `Tests` (`id`,`testName`,`testCode`,`createdAt`,`updatedAt`) VALUES (DEFAULT,?,?,?,?);

sql [2021-06-15 17:19:18] [DEBUG]: Executing (default): SHOW INDEX FROM `Tests`

sql [2021-06-15 17:21:01] [DEBUG]: Executing (default): SELECT 1+1 AS result

sql [2021-06-15 17:21:01] [DEBUG]: Executing (default): CREATE TABLE IF NOT EXISTS `Tests` (`id` INTEGER NOT NULL auto_increment , `testName` VARCHAR(100) NOT NULL COMMENT '测试name', `testCode` VARCHAR(100) COMMENT '测试code', `createdAt` DATETIME NOT NULL, `updatedAt` DATETIME NOT NULL, PRIMARY KEY (`id`)) ENGINE=InnoDB;

sql [2021-06-15 17:21:01] [DEBUG]: Executing (default): SHOW INDEX FROM `Tests`

sql [2021-06-15 17:22:39] [DEBUG]: Executing (default): SELECT 1+1 AS result

sql [2021-06-15 17:22:39] [DEBUG]: Executing (default): CREATE TABLE IF NOT EXISTS `Tests` (`id` INTEGER NOT NULL auto_increment , `testName` VARCHAR(100) NOT NULL COMMENT '测试name', `testCode` VARCHAR(100) COMMENT '测试code', `createdAt` DATETIME NOT NULL, `updatedAt` DATETIME NOT NULL, PRIMARY KEY (`id`)) ENGINE=InnoDB;

sql [2021-06-15 17:22:39] [DEBUG]: Executing (default): SHOW INDEX FROM `Tests`

sql [2021-06-15 17:24:32] [DEBUG]: Executing (default): SELECT 1+1 AS result

sql [2021-06-15 17:24:32] [DEBUG]: Executing (default): CREATE TABLE IF NOT EXISTS `Tests` (`id` INTEGER NOT NULL auto_increment , `testName` VARCHAR(100) NOT NULL COMMENT '测试name', `testCode` VARCHAR(100) COMMENT '测试code', `createdAt` DATETIME NOT NULL, `updatedAt` DATETIME NOT NULL, PRIMARY KEY (`id`)) ENGINE=InnoDB;

sql [2021-06-15 17:24:32] [DEBUG]: Executing (default): SHOW INDEX FROM `Tests`

sql [2021-06-15 17:26:04] [DEBUG]: Executing (default): SELECT 1+1 AS result

sql [2021-06-15 17:26:04] [DEBUG]: Executing (default): CREATE TABLE IF NOT EXISTS `Tests` (`id` INTEGER auto_increment , `testName` VARCHAR(100) NOT NULL COMMENT '测试name', `testCode` VARCHAR(100) COMMENT '测试code', `createdAt` DATETIME NOT NULL, `updatedAt` DATETIME NOT NULL, PRIMARY KEY (`id`)) ENGINE=InnoDB;

sql [2021-06-15 17:26:04] [DEBUG]: Executing (default): SHOW INDEX FROM `Tests`

sql [2021-06-15 17:26:28] [DEBUG]: Executing (default): INSERT INTO `Tests` (`id`,`testName`,`testCode`,`createdAt`,`updatedAt`) VALUES (DEFAULT,?,?,?,?);

sql [2021-06-15 17:29:38] [DEBUG]: Executing (default): SELECT 1+1 AS result

sql [2021-06-15 17:29:38] [DEBUG]: Executing (default): CREATE TABLE IF NOT EXISTS `Tests` (`id` INTEGER auto_increment , `testName` VARCHAR(100) NOT NULL COMMENT '测试name', `testCode` VARCHAR(100) COMMENT '测试code', `createdAt` DATETIME NOT NULL, `updatedAt` DATETIME NOT NULL, PRIMARY KEY (`id`)) ENGINE=InnoDB;

sql [2021-06-15 17:29:38] [DEBUG]: Executing (default): SHOW INDEX FROM `Tests`

sql [2021-06-15 17:32:34] [DEBUG]: Executing (default): SELECT 1+1 AS result

sql [2021-06-15 17:32:34] [DEBUG]: Executing (default): CREATE TABLE IF NOT EXISTS `Tests` (`id` INTEGER auto_increment , `testName` VARCHAR(100) NOT NULL COMMENT '测试name', `testCode` VARCHAR(100) COMMENT '测试code', `createdAt` DATETIME NOT NULL, `updatedAt` DATETIME NOT NULL, PRIMARY KEY (`id`)) ENGINE=InnoDB;

sql [2021-06-15 17:32:34] [DEBUG]: Executing (default): SHOW INDEX FROM `Tests`

sql [2021-06-15 17:32:51] [DEBUG]: Executing (default): SELECT 1+1 AS result

sql [2021-06-15 17:32:51] [DEBUG]: Executing (default): CREATE TABLE IF NOT EXISTS `Tests` (`id` INTEGER auto_increment , `testName` VARCHAR(100) NOT NULL COMMENT '测试name', `testCode` VARCHAR(100) COMMENT '测试code', `createdAt` DATETIME NOT NULL, `updatedAt` DATETIME NOT NULL, PRIMARY KEY (`id`)) ENGINE=InnoDB;

sql [2021-06-15 17:32:51] [DEBUG]: Executing (default): SHOW INDEX FROM `Tests`

sql [2021-06-15 17:33:16] [DEBUG]: Executing (default): SELECT 1+1 AS result

sql [2021-06-15 17:33:16] [DEBUG]: Executing (default): CREATE TABLE IF NOT EXISTS `Tests` (`id` INTEGER auto_increment , `testName` VARCHAR(100) NOT NULL COMMENT '测试name', `testCode` VARCHAR(100) COMMENT '测试code', `createdAt` DATETIME NOT NULL, `updatedAt` DATETIME NOT NULL, PRIMARY KEY (`id`)) ENGINE=InnoDB;

sql [2021-06-15 17:33:16] [DEBUG]: Executing (default): SHOW INDEX FROM `Tests`

sql [2021-06-15 17:33:26] [DEBUG]: Executing (default): SELECT 1+1 AS result

sql [2021-06-15 17:33:26] [DEBUG]: Executing (default): CREATE TABLE IF NOT EXISTS `Tests` (`id` INTEGER auto_increment , `testName` VARCHAR(100) NOT NULL COMMENT '测试name', `testCode` VARCHAR(100) COMMENT '测试code', `createdAt` DATETIME NOT NULL, `updatedAt` DATETIME NOT NULL, PRIMARY KEY (`id`)) ENGINE=InnoDB;

sql [2021-06-15 17:33:26] [DEBUG]: Executing (default): SHOW INDEX FROM `Tests`

sql [2021-06-15 17:36:49] [DEBUG]: Executing (default): SELECT 1+1 AS result

sql [2021-06-15 17:36:49] [DEBUG]: Executing (default): CREATE TABLE IF NOT EXISTS `Tests` (`id` INTEGER auto_increment , `testName` VARCHAR(100) NOT NULL COMMENT '测试name', `testCode` VARCHAR(100) COMMENT '测试code', `createdAt` DATETIME NOT NULL, `updatedAt` DATETIME NOT NULL, PRIMARY KEY (`id`)) ENGINE=InnoDB;

sql [2021-06-15 17:36:49] [DEBUG]: Executing (default): SHOW INDEX FROM `Tests`

sql [2021-06-15 17:37:05] [DEBUG]: Executing (default): INSERT INTO `Tests` (`id`,`testName`,`testCode`,`createdAt`,`updatedAt`) VALUES (DEFAULT,?,?,?,?);

sql [2021-06-15 17:37:27] [DEBUG]: Executing (default): INSERT INTO `Tests` (`id`,`testName`,`testCode`,`createdAt`,`updatedAt`) VALUES (DEFAULT,?,?,?,?);

sql [2021-06-15 22:18:51] [DEBUG]: Executing (default): SELECT 1+1 AS result

sql [2021-06-15 22:18:51] [DEBUG]: Executing (default): CREATE TABLE IF NOT EXISTS `Tests` (`id` INTEGER auto_increment , `testName` VARCHAR(100) NOT NULL COMMENT '测试name', `testCode` VARCHAR(100) COMMENT '测试code', `createdAt` DATETIME NOT NULL, `updatedAt` DATETIME NOT NULL, PRIMARY KEY (`id`)) ENGINE=InnoDB;

sql [2021-06-15 22:18:51] [DEBUG]: Executing (default): SHOW INDEX FROM `Tests`

sql [2021-06-15 22:20:32] [DEBUG]: Executing (default): INSERT INTO `Tests` (`id`,`testName`,`testCode`,`createdAt`,`updatedAt`) VALUES (DEFAULT,?,?,?,?);

sql [2021-06-15 22:30:00] [DEBUG]: Executing (default): SELECT 1+1 AS result

sql [2021-06-15 22:30:00] [DEBUG]: Executing (default): CREATE TABLE IF NOT EXISTS `Tests` (`id` INTEGER auto_increment , `testName` VARCHAR(100) NOT NULL COMMENT '测试name', `testCode` VARCHAR(100) COMMENT '测试code', `createdAt` DATETIME NOT NULL, `updatedAt` DATETIME NOT NULL, PRIMARY KEY (`id`)) ENGINE=InnoDB;

sql [2021-06-15 22:30:00] [DEBUG]: Executing (default): SHOW INDEX FROM `Tests`

sql [2021-06-15 22:34:39] [DEBUG]: Executing (default): SELECT 1+1 AS result

sql [2021-06-15 22:34:39] [DEBUG]: Executing (default): CREATE TABLE IF NOT EXISTS `Tests` (`id` INTEGER auto_increment , `testName` VARCHAR(100) NOT NULL COMMENT '测试name', `testCode` VARCHAR(100) COMMENT '测试code', `createdAt` DATETIME NOT NULL, `updatedAt` DATETIME NOT NULL, PRIMARY KEY (`id`)) ENGINE=InnoDB;

sql [2021-06-15 22:34:39] [DEBUG]: Executing (default): SHOW INDEX FROM `Tests`

sql [2021-06-15 22:39:08] [DEBUG]: Executing (default): SELECT 1+1 AS result

sql [2021-06-15 22:39:08] [DEBUG]: Executing (default): CREATE TABLE IF NOT EXISTS `Tests` (`id` INTEGER auto_increment , `testName` VARCHAR(100) NOT NULL COMMENT '测试name', `testCode` VARCHAR(100) COMMENT '测试code', `createdAt` DATETIME NOT NULL, `updatedAt` DATETIME NOT NULL, PRIMARY KEY (`id`)) ENGINE=InnoDB;

sql [2021-06-15 22:39:08] [DEBUG]: Executing (default): SHOW INDEX FROM `Tests`

sql [2021-06-15 22:48:00] [DEBUG]: Executing (default): SELECT 1+1 AS result

sql [2021-06-15 22:48:00] [DEBUG]: Executing (default): CREATE TABLE IF NOT EXISTS `Tests` (`id` INTEGER auto_increment , `testName` VARCHAR(100) NOT NULL COMMENT '测试name', `testCode` VARCHAR(100) COMMENT '测试code', `createdAt` DATETIME NOT NULL, `updatedAt` DATETIME NOT NULL, PRIMARY KEY (`id`)) ENGINE=InnoDB;

sql [2021-06-15 22:48:00] [DEBUG]: Executing (default): SHOW INDEX FROM `Tests`

